<?xml version="1.0" encoding="UTF-8"?>
<testsuite name="org.example.user.controller.UserControllerTest" tests="6" skipped="0" failures="0" errors="0" timestamp="2022-11-03T06:20:29" hostname="CPR-5CD1043M82" time="1.31">
  <properties/>
  <testcase name="getUserByIdTest()" classname="org.example.user.controller.UserControllerTest" time="0.85"/>
  <testcase name="createUserTest()" classname="org.example.user.controller.UserControllerTest" time="0.259"/>
  <testcase name="updateUserTest()" classname="org.example.user.controller.UserControllerTest" time="0.057"/>
  <testcase name="userDeleteTest()" classname="org.example.user.controller.UserControllerTest" time="0.056"/>
  <testcase name="nonValidEmailTest()" classname="org.example.user.controller.UserControllerTest" time="0.035"/>
  <testcase name="contextLoads()" classname="org.example.user.controller.UserControllerTest" time="0.012"/>
  <system-out><![CDATA[09:20:18.177 [Test worker] DEBUG org.springframework.test.context.BootstrapUtils - Instantiating CacheAwareContextLoaderDelegate from class [org.springframework.test.context.cache.DefaultCacheAwareContextLoaderDelegate]
09:20:18.198 [Test worker] DEBUG org.springframework.test.context.BootstrapUtils - Instantiating BootstrapContext using constructor [public org.springframework.test.context.support.DefaultBootstrapContext(java.lang.Class,org.springframework.test.context.CacheAwareContextLoaderDelegate)]
09:20:18.264 [Test worker] DEBUG org.springframework.test.context.BootstrapUtils - Instantiating TestContextBootstrapper for test class [org.example.user.controller.UserControllerTest] from class [org.springframework.boot.test.context.SpringBootTestContextBootstrapper]
09:20:18.289 [Test worker] INFO org.springframework.boot.test.context.SpringBootTestContextBootstrapper - Neither @ContextConfiguration nor @ContextHierarchy found for test class [org.example.user.controller.UserControllerTest], using SpringBootContextLoader
09:20:18.294 [Test worker] DEBUG org.springframework.test.context.support.AbstractContextLoader - Did not detect default resource location for test class [org.example.user.controller.UserControllerTest]: class path resource [org/example/user/controller/UserControllerTest-context.xml] does not exist
09:20:18.294 [Test worker] DEBUG org.springframework.test.context.support.AbstractContextLoader - Did not detect default resource location for test class [org.example.user.controller.UserControllerTest]: class path resource [org/example/user/controller/UserControllerTestContext.groovy] does not exist
09:20:18.295 [Test worker] INFO org.springframework.test.context.support.AbstractContextLoader - Could not detect default resource locations for test class [org.example.user.controller.UserControllerTest]: no resource found for suffixes {-context.xml, Context.groovy}.
09:20:18.390 [Test worker] DEBUG org.springframework.test.context.support.ActiveProfilesUtils - Could not find an 'annotation declaring class' for annotation type [org.springframework.test.context.ActiveProfiles] and class [org.example.user.controller.UserControllerTest]
09:20:18.589 [Test worker] DEBUG org.springframework.boot.test.context.SpringBootTestContextBootstrapper - @TestExecutionListeners is not present for class [org.example.user.controller.UserControllerTest]: using defaults.
09:20:18.589 [Test worker] INFO org.springframework.boot.test.context.SpringBootTestContextBootstrapper - Loaded default TestExecutionListener class names from location [META-INF/spring.factories]: [org.springframework.boot.test.autoconfigure.restdocs.RestDocsTestExecutionListener, org.springframework.boot.test.autoconfigure.web.client.MockRestServiceServerResetTestExecutionListener, org.springframework.boot.test.autoconfigure.web.servlet.MockMvcPrintOnlyOnFailureTestExecutionListener, org.springframework.boot.test.autoconfigure.web.servlet.WebDriverTestExecutionListener, org.springframework.boot.test.autoconfigure.webservices.client.MockWebServiceServerTestExecutionListener, org.springframework.boot.test.mock.mockito.MockitoTestExecutionListener, org.springframework.boot.test.mock.mockito.ResetMocksTestExecutionListener, org.springframework.test.context.web.ServletTestExecutionListener, org.springframework.test.context.support.DirtiesContextBeforeModesTestExecutionListener, org.springframework.test.context.event.ApplicationEventsTestExecutionListener, org.springframework.test.context.support.DependencyInjectionTestExecutionListener, org.springframework.test.context.support.DirtiesContextTestExecutionListener, org.springframework.test.context.transaction.TransactionalTestExecutionListener, org.springframework.test.context.jdbc.SqlScriptsTestExecutionListener, org.springframework.test.context.event.EventPublishingTestExecutionListener]
09:20:18.618 [Test worker] INFO org.springframework.boot.test.context.SpringBootTestContextBootstrapper - Using TestExecutionListeners: [org.springframework.test.context.web.ServletTestExecutionListener@186978a6, org.springframework.test.context.support.DirtiesContextBeforeModesTestExecutionListener@2e029d61, org.springframework.test.context.event.ApplicationEventsTestExecutionListener@482d776b, org.springframework.boot.test.mock.mockito.MockitoTestExecutionListener@4052274f, org.springframework.boot.test.autoconfigure.SpringBootDependencyInjectionTestExecutionListener@132ddbab, org.springframework.test.context.support.DirtiesContextTestExecutionListener@297ea53a, org.springframework.test.context.transaction.TransactionalTestExecutionListener@acb0951, org.springframework.test.context.jdbc.SqlScriptsTestExecutionListener@5bf22f18, org.springframework.test.context.event.EventPublishingTestExecutionListener@267f474e, org.springframework.boot.test.autoconfigure.restdocs.RestDocsTestExecutionListener@7a7471ce, org.springframework.boot.test.autoconfigure.web.client.MockRestServiceServerResetTestExecutionListener@28276e50, org.springframework.boot.test.autoconfigure.web.servlet.MockMvcPrintOnlyOnFailureTestExecutionListener@62e70ea3, org.springframework.boot.test.autoconfigure.web.servlet.WebDriverTestExecutionListener@3efe7086, org.springframework.boot.test.autoconfigure.webservices.client.MockWebServiceServerTestExecutionListener@675d8c96, org.springframework.boot.test.mock.mockito.ResetMocksTestExecutionListener@741b3bc3]
09:20:18.624 [Test worker] DEBUG org.springframework.test.context.support.AbstractDirtiesContextTestExecutionListener - Before test class: context [DefaultTestContext@7c351808 testClass = UserControllerTest, testInstance = [null], testMethod = [null], testException = [null], mergedContextConfiguration = [WebMergedContextConfiguration@180e6ac4 testClass = UserControllerTest, locations = '{}', classes = '{class org.example.Application}', contextInitializerClasses = '[]', activeProfiles = '{}', propertySourceLocations = '{}', propertySourceProperties = '{org.springframework.boot.test.context.SpringBootTestContextBootstrapper=true}', contextCustomizers = set[org.springframework.boot.test.autoconfigure.actuate.metrics.MetricsExportContextCustomizerFactory$DisableMetricExportContextCustomizer@41d426b5, org.springframework.boot.test.autoconfigure.properties.PropertyMappingContextCustomizer@4b3fa0b3, org.springframework.boot.test.autoconfigure.web.servlet.WebDriverContextCustomizerFactory$Customizer@12ed9db6, [ImportsContextCustomizer@42b64ab8 key = [org.springframework.boot.test.autoconfigure.web.servlet.MockMvcAutoConfiguration, org.springframework.boot.test.autoconfigure.web.servlet.MockMvcWebClientAutoConfiguration, org.springframework.boot.test.autoconfigure.web.servlet.MockMvcWebDriverAutoConfiguration, org.springframework.boot.autoconfigure.security.oauth2.client.servlet.OAuth2ClientAutoConfiguration, org.springframework.boot.autoconfigure.security.oauth2.resource.servlet.OAuth2ResourceServerAutoConfiguration, org.springframework.boot.autoconfigure.security.servlet.SecurityAutoConfiguration, org.springframework.boot.autoconfigure.security.servlet.SecurityFilterAutoConfiguration, org.springframework.boot.autoconfigure.security.servlet.UserDetailsServiceAutoConfiguration, org.springframework.boot.test.autoconfigure.web.servlet.MockMvcSecurityConfiguration, org.springframework.boot.test.autoconfigure.web.reactive.WebTestClientAutoConfiguration]], org.springframework.boot.test.context.filter.ExcludeFilterContextCustomizer@68be8808, org.springframework.boot.test.json.DuplicateJsonObjectContextCustomizerFactory$DuplicateJsonObjectContextCustomizer@ebaa6cb, org.springframework.boot.test.mock.mockito.MockitoContextCustomizer@0, org.springframework.boot.test.web.client.TestRestTemplateContextCustomizer@628c4ac0, org.springframework.boot.test.context.SpringBootTestArgs@1, org.springframework.boot.test.context.SpringBootTestWebEnvironment@3bf9ce3e], resourceBasePath = 'src/main/webapp', contextLoader = 'org.springframework.boot.test.context.SpringBootContextLoader', parent = [null]], attributes = map['org.springframework.test.context.web.ServletTestExecutionListener.activateListener' -> true]], class annotated with @DirtiesContext [false] with mode [null].

  .   ____          _            __ _ _
 /\\ / ___'_ __ _ _(_)_ __  __ _ \ \ \ \
( ( )\___ | '_ | '_| | '_ \/ _` | \ \ \ \
 \\/  ___)| |_)| | | | | || (_| |  ) ) ) )
  '  |____| .__|_| |_|_| |_\__, | / / / /
 =========|_|==============|___/=/_/_/_/
 :: Spring Boot ::                (v2.7.4)

2022-11-03 09:20:19.530  INFO 5576 --- [    Test worker] o.e.user.controller.UserControllerTest   : Starting UserControllerTest using Java 17.0.4 on CPR-5CD1043M82 with PID 5576 (started by arthur.shushkov in C:\Users\arthur.shushkov\Documents\RestaurantCatalog\user-service)
2022-11-03 09:20:19.532  INFO 5576 --- [    Test worker] o.e.user.controller.UserControllerTest   : No active profile set, falling back to 1 default profile: "default"
2022-11-03 09:20:21.074  INFO 5576 --- [    Test worker] .s.d.r.c.RepositoryConfigurationDelegate : Bootstrapping Spring Data JPA repositories in DEFAULT mode.
2022-11-03 09:20:21.235  INFO 5576 --- [    Test worker] .s.d.r.c.RepositoryConfigurationDelegate : Finished Spring Data repository scanning in 140 ms. Found 1 JPA repository interfaces.
2022-11-03 09:20:22.498  INFO 5576 --- [    Test worker] com.zaxxer.hikari.HikariDataSource       : HikariPool-1 - Starting...
2022-11-03 09:20:22.916  INFO 5576 --- [    Test worker] com.zaxxer.hikari.HikariDataSource       : HikariPool-1 - Start completed.
2022-11-03 09:20:23.013  INFO 5576 --- [    Test worker] liquibase.database                       : Set default schema name to PUBLIC
2022-11-03 09:20:23.286  INFO 5576 --- [    Test worker] liquibase.lockservice                    : Successfully acquired change log lock
2022-11-03 09:20:23.973  INFO 5576 --- [    Test worker] liquibase.changelog                      : Creating database history table with name: PUBLIC.DATABASECHANGELOG
2022-11-03 09:20:23.981  INFO 5576 --- [    Test worker] liquibase.changelog                      : Reading from PUBLIC.DATABASECHANGELOG
Running Changeset: db/changelog/v.1.0.0/cumulative-changelog.xml::add-tag-1.0.0::arthur
2022-11-03 09:20:24.159  INFO 5576 --- [    Test worker] liquibase.changelog                      : Tag 'v.1.0.0' applied to database
2022-11-03 09:20:24.160  INFO 5576 --- [    Test worker] liquibase.changelog                      : ChangeSet db/changelog/v.1.0.0/cumulative-changelog.xml::add-tag-1.0.0::arthur ran successfully in 2ms
Running Changeset: db/changelog/v.1.0.0/create-user-table.xml::create_user_table::arthur
2022-11-03 09:20:24.177  INFO 5576 --- [    Test worker] liquibase.changelog                      : Table user created
2022-11-03 09:20:24.177  INFO 5576 --- [    Test worker] liquibase.changelog                      : ChangeSet db/changelog/v.1.0.0/create-user-table.xml::create_user_table::arthur ran successfully in 8ms
Running Changeset: db/changelog/v.1.0.0/create-user-sequence.xml::create_user_sequence::arthur
2022-11-03 09:20:24.186  INFO 5576 --- [    Test worker] liquibase.changelog                      : Sequence USER_SEQ created
2022-11-03 09:20:24.186  INFO 5576 --- [    Test worker] liquibase.changelog                      : ChangeSet db/changelog/v.1.0.0/create-user-sequence.xml::create_user_sequence::arthur ran successfully in 4ms
Running Changeset: db/changelog/v.1.0.0/insert-user-test-data.xml::insert_user_test_data::arthur
2022-11-03 09:20:24.195  INFO 5576 --- [    Test worker] liquibase.changelog                      : New row inserted into user
2022-11-03 09:20:24.198  INFO 5576 --- [    Test worker] liquibase.changelog                      : New row inserted into user
2022-11-03 09:20:24.198  INFO 5576 --- [    Test worker] liquibase.changelog                      : ChangeSet db/changelog/v.1.0.0/insert-user-test-data.xml::insert_user_test_data::arthur ran successfully in 8ms
2022-11-03 09:20:24.203  INFO 5576 --- [    Test worker] liquibase.lockservice                    : Successfully released change log lock
2022-11-03 09:20:24.419  INFO 5576 --- [    Test worker] o.hibernate.jpa.internal.util.LogHelper  : HHH000204: Processing PersistenceUnitInfo [name: default]
2022-11-03 09:20:24.584  INFO 5576 --- [    Test worker] org.hibernate.Version                    : HHH000412: Hibernate ORM core version 5.6.11.Final
2022-11-03 09:20:24.982  INFO 5576 --- [    Test worker] o.hibernate.annotations.common.Version   : HCANN000001: Hibernate Commons Annotations {5.1.2.Final}
2022-11-03 09:20:25.388  INFO 5576 --- [    Test worker] org.hibernate.dialect.Dialect            : HHH000400: Using dialect: org.hibernate.dialect.H2Dialect
2022-11-03 09:20:26.678  INFO 5576 --- [    Test worker] o.h.e.t.j.p.i.JtaPlatformInitiator       : HHH000490: Using JtaPlatform implementation: [org.hibernate.engine.transaction.jta.platform.internal.NoJtaPlatform]
2022-11-03 09:20:26.703  INFO 5576 --- [    Test worker] j.LocalContainerEntityManagerFactoryBean : Initialized JPA EntityManagerFactory for persistence unit 'default'
2022-11-03 09:20:28.315  WARN 5576 --- [    Test worker] JpaBaseConfiguration$JpaWebConfiguration : spring.jpa.open-in-view is enabled by default. Therefore, database queries may be performed during view rendering. Explicitly configure spring.jpa.open-in-view to disable this warning
2022-11-03 09:20:29.819  INFO 5576 --- [    Test worker] o.s.b.t.m.w.SpringBootMockServletContext : Initializing Spring TestDispatcherServlet ''
2022-11-03 09:20:29.819  INFO 5576 --- [    Test worker] o.s.t.web.servlet.TestDispatcherServlet  : Initializing Servlet ''
2022-11-03 09:20:29.823  INFO 5576 --- [    Test worker] o.s.t.web.servlet.TestDispatcherServlet  : Completed initialization in 4 ms
2022-11-03 09:20:29.868  INFO 5576 --- [    Test worker] o.e.user.controller.UserControllerTest   : Started UserControllerTest in 11.176 seconds (JVM running for 12.947)
Hibernate: select user0_.id as id1_0_0_, user0_.deleted as deleted2_0_0_, user0_.email as email3_0_0_, user0_.internal as internal4_0_0_, user0_.nickname as nickname5_0_0_ from "user" user0_ where user0_.id=? and ( user0_.deleted = false)

MockHttpServletRequest:
      HTTP Method = GET
      Request URI = /users/1
       Parameters = {}
          Headers = []
             Body = null
    Session Attrs = {}

Handler:
             Type = org.example.user.controller.UserController
           Method = org.example.user.controller.UserController#getUserById(Long)

Async:
    Async started = false
     Async result = null

Resolved Exception:
             Type = null

ModelAndView:
        View name = null
             View = null
            Model = null

FlashMap:
       Attributes = null

MockHttpServletResponse:
           Status = 200
    Error message = null
          Headers = [Content-Type:"application/json"]
     Content type = application/json
             Body = {"id":1,"nickname":"Enryu","email":"test@gmail.com","internal":false}
    Forwarded URL = null
   Redirected URL = null
          Cookies = []
Hibernate: select user0_.id as id1_0_0_, user0_.deleted as deleted2_0_0_, user0_.email as email3_0_0_, user0_.internal as internal4_0_0_, user0_.nickname as nickname5_0_0_ from "user" user0_ where user0_.id=? and ( user0_.deleted = false)

MockHttpServletRequest:
      HTTP Method = GET
      Request URI = /users/10
       Parameters = {}
          Headers = []
             Body = null
    Session Attrs = {}

Handler:
             Type = org.example.user.controller.UserController
           Method = org.example.user.controller.UserController#getUserById(Long)

Async:
    Async started = false
     Async result = null

Resolved Exception:
             Type = org.example.user.exception.UserNotFoundException

ModelAndView:
        View name = null
             View = null
            Model = null

FlashMap:
       Attributes = null

MockHttpServletResponse:
           Status = 404
    Error message = null
          Headers = [Content-Type:"text/plain;charset=UTF-8", Content-Length:"59"]
     Content type = text/plain;charset=UTF-8
             Body = Пользователь с таким id не найден
    Forwarded URL = null
   Redirected URL = null
          Cookies = []
Hibernate: select user0_.id as id1_0_, user0_.deleted as deleted2_0_, user0_.email as email3_0_, user0_.internal as internal4_0_, user0_.nickname as nickname5_0_ from "user" user0_ where ( user0_.deleted = false) and (user0_.nickname=? or user0_.email=?)
Hibernate: call next value for user_seq
Hibernate: insert into "user" (deleted, email, internal, nickname, id) values (?, ?, ?, ?, ?)

MockHttpServletRequest:
      HTTP Method = POST
      Request URI = /users
       Parameters = {}
          Headers = [Content-Type:"application/json;charset=UTF-8", Content-Length:"57"]
             Body = {"nickname":"asd","email":"asd@asd.asd","internal":false}
    Session Attrs = {}

Handler:
             Type = org.example.user.controller.UserController
           Method = org.example.user.controller.UserController#createUser(UserCreateRequestDTO)

Async:
    Async started = false
     Async result = null

Resolved Exception:
             Type = null

ModelAndView:
        View name = null
             View = null
            Model = null

FlashMap:
       Attributes = null

MockHttpServletResponse:
           Status = 200
    Error message = null
          Headers = [Content-Type:"application/json"]
     Content type = application/json
             Body = {"id":3,"nickname":"asd","email":"asd@asd.asd","internal":false}
    Forwarded URL = null
   Redirected URL = null
          Cookies = []
Hibernate: select user0_.id as id1_0_, user0_.deleted as deleted2_0_, user0_.email as email3_0_, user0_.internal as internal4_0_, user0_.nickname as nickname5_0_ from "user" user0_ where ( user0_.deleted = false) and (user0_.nickname=? or user0_.email=?)

MockHttpServletRequest:
      HTTP Method = POST
      Request URI = /users
       Parameters = {}
          Headers = [Content-Type:"application/json;charset=UTF-8", Content-Length:"57"]
             Body = {"nickname":"asd","email":"asd@asd.asd","internal":false}
    Session Attrs = {}

Handler:
             Type = org.example.user.controller.UserController
           Method = org.example.user.controller.UserController#createUser(UserCreateRequestDTO)

Async:
    Async started = false
     Async result = null

Resolved Exception:
             Type = org.example.user.exception.NonUniqueUserException

ModelAndView:
        View name = null
             View = null
            Model = null

FlashMap:
       Attributes = null

MockHttpServletResponse:
           Status = 400
    Error message = null
          Headers = [Content-Type:"text/plain;charset=UTF-8", Content-Length:"99"]
     Content type = text/plain;charset=UTF-8
             Body = Пользователь с таким именем или почтой уже существует
    Forwarded URL = null
   Redirected URL = null
          Cookies = []
Hibernate: select user0_.id as id1_0_0_, user0_.deleted as deleted2_0_0_, user0_.email as email3_0_0_, user0_.internal as internal4_0_0_, user0_.nickname as nickname5_0_0_ from "user" user0_ where user0_.id=? and ( user0_.deleted = false)
Hibernate: select user0_.id as id1_0_, user0_.deleted as deleted2_0_, user0_.email as email3_0_, user0_.internal as internal4_0_, user0_.nickname as nickname5_0_ from "user" user0_ where ( user0_.deleted = false) and (user0_.nickname=? or user0_.email=?)
Hibernate: update "user" set deleted=?, email=?, internal=?, nickname=? where id=?

MockHttpServletRequest:
      HTTP Method = PUT
      Request URI = /users
       Parameters = {}
          Headers = [Content-Type:"application/json;charset=UTF-8", Content-Length:"66"]
             Body = {"nickname":"asd2","email":"asd2@asd.asd","internal":false,"id":2}
    Session Attrs = {}

Handler:
             Type = org.example.user.controller.UserController
           Method = org.example.user.controller.UserController#updateUser(UserUpdateRequestDTO)

Async:
    Async started = false
     Async result = null

Resolved Exception:
             Type = null

ModelAndView:
        View name = null
             View = null
            Model = null

FlashMap:
       Attributes = null

MockHttpServletResponse:
           Status = 200
    Error message = null
          Headers = [Content-Type:"application/json"]
     Content type = application/json
             Body = {"id":2,"nickname":"asd2","email":"asd2@asd.asd","internal":false}
    Forwarded URL = null
   Redirected URL = null
          Cookies = []
Hibernate: select user0_.id as id1_0_0_, user0_.deleted as deleted2_0_0_, user0_.email as email3_0_0_, user0_.internal as internal4_0_0_, user0_.nickname as nickname5_0_0_ from "user" user0_ where user0_.id=? and ( user0_.deleted = false)
Hibernate: select user0_.id as id1_0_, user0_.deleted as deleted2_0_, user0_.email as email3_0_, user0_.internal as internal4_0_, user0_.nickname as nickname5_0_ from "user" user0_ where ( user0_.deleted = false) and (user0_.nickname=? or user0_.email=?)

MockHttpServletRequest:
      HTTP Method = PUT
      Request URI = /users
       Parameters = {}
          Headers = [Content-Type:"application/json;charset=UTF-8", Content-Length:"67"]
             Body = {"nickname":"Enryu","email":"asd2@asd.asd","internal":false,"id":2}
    Session Attrs = {}

Handler:
             Type = org.example.user.controller.UserController
           Method = org.example.user.controller.UserController#updateUser(UserUpdateRequestDTO)

Async:
    Async started = false
     Async result = null

Resolved Exception:
             Type = org.example.user.exception.NonUniqueUserException

ModelAndView:
        View name = null
             View = null
            Model = null

FlashMap:
       Attributes = null

MockHttpServletResponse:
           Status = 400
    Error message = null
          Headers = [Content-Type:"text/plain;charset=UTF-8", Content-Length:"99"]
     Content type = text/plain;charset=UTF-8
             Body = Пользователь с таким именем или почтой уже существует
    Forwarded URL = null
   Redirected URL = null
          Cookies = []
Hibernate: select user0_.id as id1_0_0_, user0_.deleted as deleted2_0_0_, user0_.email as email3_0_0_, user0_.internal as internal4_0_0_, user0_.nickname as nickname5_0_0_ from "user" user0_ where user0_.id=? and ( user0_.deleted = false)
Hibernate: UPDATE "user" SET deleted = true WHERE id=?
Hibernate: select user0_.id as id1_0_0_, user0_.deleted as deleted2_0_0_, user0_.email as email3_0_0_, user0_.internal as internal4_0_0_, user0_.nickname as nickname5_0_0_ from "user" user0_ where user0_.id=? and ( user0_.deleted = false)
Hibernate: select user0_.id as id1_0_, user0_.deleted as deleted2_0_, user0_.email as email3_0_, user0_.internal as internal4_0_, user0_.nickname as nickname5_0_ from "user" user0_ where ( user0_.deleted = false) and (user0_.nickname=? or user0_.email=?)

MockHttpServletRequest:
      HTTP Method = POST
      Request URI = /users
       Parameters = {}
          Headers = [Content-Type:"application/json;charset=UTF-8", Content-Length:"68"]
             Body = {"nickname":"asd","email":"non valid email","internal":false,"id":1}
    Session Attrs = {}

Handler:
             Type = org.example.user.controller.UserController
           Method = org.example.user.controller.UserController#createUser(UserCreateRequestDTO)

Async:
    Async started = false
     Async result = null

Resolved Exception:
             Type = org.example.user.exception.NonUniqueUserException

ModelAndView:
        View name = null
             View = null
            Model = null

FlashMap:
       Attributes = null

MockHttpServletResponse:
           Status = 400
    Error message = null
          Headers = [Content-Type:"text/plain;charset=UTF-8", Content-Length:"99"]
     Content type = text/plain;charset=UTF-8
             Body = Пользователь с таким именем или почтой уже существует
    Forwarded URL = null
   Redirected URL = null
          Cookies = []
]]></system-out>
  <system-err><![CDATA[]]></system-err>
</testsuite>
